2024-12-27 10:21:43 [INFO]: Admin viewed Hostel complaint 676c2fc6cd2fb19c2b9cd6fc at 2024-12-27
2024-12-29 16:55:22 [INFO]: Admin resolved Hostel complaint 6763a09cd3c3680a88b56f31 at 2024-12-29
2024-12-29 21:50:58 [INFO]: Admin updated remarks for Hostel complaint 6763a09cd3c3680a88b56f31 at 2024-12-29T16:20:58.172Z
2024-12-29 21:52:48 [INFO]: Admin updated remarks for Hostel complaint 6763a09cd3c3680a88b56f31 at 2024-12-29T16:22:48.216Z
2024-12-29 21:54:30 [INFO]: Admin updated remarks for Hostel complaint 6763a09cd3c3680a88b56f31 at 2024-12-29T16:24:30.400Z
2024-12-29 21:58:23 [INFO]: Admin updated remarks for Hostel complaint 6763a09cd3c3680a88b56f31 at 2024-12-29T16:28:23.756Z
2024-12-29 22:01:09 [INFO]: Admin updated remarks for Hostel complaint 6763a09cd3c3680a88b56f31 at 2024-12-29T16:31:09.342Z
2024-12-29 22:02:14 [INFO]: Admin updated remarks for Hostel complaint 6763a09cd3c3680a88b56f31 at 2024-12-29T16:32:14.634Z
2024-12-29 22:02:56 [INFO]: Admin updated remarks for Hostel complaint 6763a09cd3c3680a88b56f31 at 2024-12-29T16:32:56.554Z
2024-12-29 22:05:36 [INFO]: Admin updated remarks for Hostel complaint 6763a09cd3c3680a88b56f31 at 2024-12-29T16:35:36.291Z
2024-12-29 22:06:28 [INFO]: Admin updated remarks for Hostel complaint 6763a09cd3c3680a88b56f31 at 2024-12-29T16:36:28.458Z
2024-12-29 22:28:32 [INFO]: Admin updated remarks for Hostel complaint 6763a09cd3c3680a88b56f31 at 2024-12-29T16:58:32.909Z
2024-12-29 22:29:45 [INFO]: Admin updated remarks for Hostel complaint 6763a09cd3c3680a88b56f31 at 2024-12-29T16:59:45.878Z
2024-12-29 22:29:50 [INFO]: Admin updated remarks for Hostel complaint 6763a09cd3c3680a88b56f31 at 2024-12-29T16:59:50.491Z
2024-12-29 22:29:59 [INFO]: Admin updated remarks for Hostel complaint 6763a09cd3c3680a88b56f31 at 2024-12-29T16:59:59.672Z
2024-12-29 22:30:13 [INFO]: Admin updated remarks for Hostel complaint 6763a09cd3c3680a88b56f31 at 2024-12-29T17:00:13.718Z
2024-12-29 22:33:31 [INFO]: Admin updated remarks for Hostel complaint 6763a09cd3c3680a88b56f32 at 2024-12-29T17:03:31.017Z
2025-01-01 10:31:06 [INFO]: Admin updated remarks for Hostel complaint 6763a09cd3c3680a88b56f31 at 2025-01-01T05:01:06.677Z
2025-01-01 10:32:47 [INFO]: Admin updated remarks for Hostel complaint 6763a09cd3c3680a88b56f32 at 2025-01-01T05:02:47.801Z
2025-01-01 11:03:58 [INFO]: Admin viewed Hostel complaint 67717ca3962ac365fdf2a0b5 at 2025-01-01
2025-01-01 11:04:23 [INFO]: Admin updated remarks for Hostel complaint 67717ca3962ac365fdf2a0b5 at 2025-01-01T05:34:23.195Z
2025-01-01 11:06:43 [INFO]: Admin resolved Hostel complaint 67717ca3962ac365fdf2a0b5 at 2025-01-01
2025-01-01 11:08:34 [INFO]: Admin updated remarks for Hostel complaint 6763a09cd3c3680a88b56f37 at 2025-01-01T05:38:34.867Z
2025-01-01 11:14:37 [INFO]: Admin updated remarks for Hostel complaint 67717ca3962ac365fdf2a0b5 at 2025-01-01T05:44:37.263Z
2025-01-01 11:14:55 [INFO]: Admin updated remarks for Hostel complaint 67717ca3962ac365fdf2a0b5 at 2025-01-01T05:44:55.780Z
2025-01-07 14:20:26 [INFO]: Admin viewed Hostel complaint 677a41559730a8b8c079e458 at 2025-01-07
2025-01-07 14:47:38 [INFO]: Admin resolved Hostel complaint 677a41559730a8b8c079e458 at 2025-01-07
2025-01-07 14:47:55 [INFO]: Admin updated remarks for Hostel complaint 677a41559730a8b8c079e458 at 2025-01-07T09:17:55.385Z
2025-01-07 14:47:59 [INFO]: Admin updated remarks for Hostel complaint 677a41559730a8b8c079e458 at 2025-01-07T09:17:59.994Z
2025-01-07 15:13:42 [INFO]: Admin updated remarks for Hostel complaint 677a41559730a8b8c079e458 at 2025-01-07T09:43:42.334Z
2025-01-08 00:21:15 [INFO]: Admin updated remarks for Hostel complaint 677a41559730a8b8c079e458 at 2025-01-07T18:51:15.455Z
2025-01-08 12:23:37 [INFO]: Admin viewed Hostel complaint 677d35213513fa5e5db2e6bf at 2025-01-08
2025-01-08 12:23:40 [INFO]: Admin viewed Hostel complaint 677d35b43513fa5e5db2e6c6 at 2025-01-08
2025-01-08 12:23:42 [INFO]: Admin viewed Hostel complaint 677d7780a68a53a8a2496713 at 2025-01-08
2025-01-08 12:43:55 [INFO]: Admin resolved Hostel complaint 677d35213513fa5e5db2e6bf at 2025-01-08
2025-01-08 12:44:27 [INFO]: Admin resolved Hostel complaint 677d35b43513fa5e5db2e6c6 at 2025-01-08
2025-01-08 14:26:40 [INFO]: Admin resolved Hostel complaint 677d7780a68a53a8a2496713 at 2025-01-08
2025-01-08 14:28:36 [INFO]: Admin resolved Hostel complaint 677a41559730a8b8c079e458 at 2025-01-08
2025-01-08 14:29:22 [INFO]: Admin resolved Hostel complaint 677a41559730a8b8c079e458 at 2025-01-08
2025-01-08 14:31:06 [INFO]: Admin resolved Hostel complaint 677a41559730a8b8c079e458 at 2025-01-08
2025-01-08 14:37:16 [INFO]: Admin resolved Hostel complaint 677a41559730a8b8c079e458 at 2025-01-08
2025-01-08 14:40:12 [INFO]: Admin resolved Hostel complaint 677a41559730a8b8c079e458 at 2025-01-08
2025-01-08 14:43:58 [INFO]: Admin resolved Hostel complaint 677a41559730a8b8c079e458 at 2025-01-08
2025-01-08 14:46:54 [INFO]: Admin resolved Hostel complaint 677a41559730a8b8c079e458 at 2025-01-08
2025-01-08 15:06:43 [INFO]: Admin resolved Hostel complaint 677a41559730a8b8c079e458 at 2025-01-08
2025-01-08 15:10:42 [INFO]: Admin resolved Hostel complaint 677a41559730a8b8c079e458 at 2025-01-08
2025-01-08 15:16:05 [INFO]: Admin resolved Hostel complaint 677a41559730a8b8c079e458 at 2025-01-08
2025-01-08 15:18:45 [INFO]: Admin resolved Hostel complaint 677a41559730a8b8c079e458 at 2025-01-08
2025-01-08 15:20:47 [INFO]: Admin resolved Hostel complaint 677a41559730a8b8c079e458 at 2025-01-08
2025-01-10 15:14:09 [INFO]: Admin viewed Hostel complaint 677fd9e96068fe883a49c5bd at 2025-01-10
2025-01-24 19:48:24 [INFO]: Admin viewed Hostel complaint 677fc413f496b4141b25807a at 2025-01-24
2025-01-28 17:02:22 [INFO]: Admin viewed Hostel complaint 6780a2d993066ad6e2a90462 at 2025-01-28
2025-02-01 22:31:20 [INFO]: Admin viewed Hostel complaint 6793a2592463e748b28409cf at 2025-02-01
2025-02-15 21:20:47 [INFO]: Admin viewed Hostel complaint 679a4d4fac91b2857e07d2c3 at 2025-02-15
2025-02-19 21:00:57 [INFO]: Admin viewed Hostel complaint 6798bf8d761f8a83b3e4f668 at 2025-02-19
2025-02-19 21:01:00 [INFO]: Admin viewed Hostel complaint 679e52933cc97f2fb5a57d02 at 2025-02-19
2025-02-19 21:01:54 [INFO]: Admin viewed Hostel complaint 67b0b49765e039914323ab59 at 2025-02-19
2025-02-23 01:36:15 [INFO]: User query:
2025-02-23 01:36:15 [INFO]: Complaints for role
2025-02-23 01:36:15 [INFO]: User query:
2025-02-23 01:36:15 [INFO]: Complaints for role
2025-02-23 01:42:01 [INFO]: User query:
2025-02-23 01:42:01 [INFO]: Complaints for role
2025-02-23 01:42:03 [INFO]: User query:
2025-02-23 01:42:03 [INFO]: Complaints for role
2025-02-23 01:43:21 [INFO]: User query:
2025-02-23 01:43:21 [INFO]: Complaints for role
2025-02-23 01:43:31 [INFO]: User query:
2025-02-23 01:43:31 [INFO]: Complaints for role
2025-02-23 01:43:31 [INFO]: User query:
2025-02-23 01:43:31 [INFO]: Complaints for role
2025-02-23 01:43:42 [INFO]: User query:
2025-02-23 01:43:42 [INFO]: Complaints for role
2025-02-23 01:43:42 [INFO]: User query:
2025-02-23 01:43:42 [INFO]: Complaints for role
2025-02-23 01:43:45 [INFO]: User query:
2025-02-23 01:43:45 [INFO]: Complaints for role
2025-02-23 01:44:04 [INFO]: User query:
2025-02-23 01:44:04 [INFO]: Complaints for role
2025-02-23 01:44:04 [INFO]: User query:
2025-02-23 01:44:04 [INFO]: Complaints for role
2025-02-23 01:45:38 [INFO]: User query:
2025-02-23 01:45:38 [INFO]: Complaints for role
2025-02-23 01:45:38 [INFO]: User query:
2025-02-23 01:45:38 [INFO]: Complaints for role
2025-02-23 01:45:42 [INFO]: User query:
2025-02-23 01:45:42 [INFO]: Complaints for role
2025-02-23 01:45:42 [INFO]: User query:
2025-02-23 01:45:42 [INFO]: Complaints for role
2025-02-23 01:45:56 [INFO]: User query:
2025-02-23 01:45:56 [INFO]: Complaints for role
2025-02-23 01:45:56 [INFO]: User query:
2025-02-23 01:45:56 [INFO]: Complaints for role
2025-02-23 01:46:08 [INFO]: User query:
2025-02-23 01:46:08 [INFO]: Complaints for role
2025-02-23 01:46:08 [INFO]: User query:
2025-02-23 01:46:08 [INFO]: Complaints for role
2025-02-23 01:54:45 [INFO]: User query:
2025-02-23 01:54:45 [INFO]: Complaints for role
2025-02-23 01:54:45 [INFO]: User query:
2025-02-23 01:54:45 [INFO]: Complaints for role
2025-02-23 01:54:47 [INFO]: User query:
2025-02-23 01:54:47 [INFO]: Complaints for role
2025-02-23 01:54:47 [INFO]: User query:
2025-02-23 01:54:47 [INFO]: Complaints for role
2025-02-23 01:55:18 [INFO]: User query:
2025-02-23 01:55:18 [INFO]: Complaints for role
2025-02-23 01:55:18 [INFO]: User query:
2025-02-23 01:55:18 [INFO]: Complaints for role
2025-02-23 01:55:32 [INFO]: User query:
2025-02-23 01:55:32 [INFO]: Complaints for role
2025-02-23 01:55:32 [INFO]: User query:
2025-02-23 01:55:32 [INFO]: Complaints for role
2025-02-23 01:55:37 [INFO]: User query:
2025-02-23 01:55:37 [INFO]: Complaints for role
2025-02-23 01:55:50 [INFO]: User query:
2025-02-23 01:55:51 [INFO]: Complaints for role
2025-02-23 01:55:51 [INFO]: User query:
2025-02-23 01:55:51 [INFO]: Complaints for role
2025-03-04 09:11:03 [INFO]: User query:
2025-03-04 09:11:03 [INFO]: Complaints for role
2025-03-04 14:49:26 [INFO]: User query:
2025-03-04 14:49:29 [INFO]: Complaints for role
2025-03-04 14:51:38 [INFO]: User query:
2025-03-04 14:51:38 [INFO]: Complaints for role
2025-03-04 14:57:59 [INFO]: User query:
2025-03-04 14:57:59 [INFO]: Complaints for role
2025-03-04 14:57:59 [INFO]: User query:
2025-03-04 14:57:59 [INFO]: Complaints for role
2025-03-04 15:05:00 [INFO]: User query:
2025-03-04 15:05:05 [INFO]: Complaints for role
2025-03-04 15:17:20 [INFO]: User query:
2025-03-04 15:17:20 [INFO]: Complaints for role
2025-03-04 15:34:07 [INFO]: User query:
2025-03-04 15:34:39 [INFO]: User query:
2025-03-04 15:34:53 [INFO]: Complaints for role
2025-03-04 15:34:55 [INFO]: Complaints for role
2025-03-04 15:50:38 [INFO]: User query:
2025-03-04 15:50:38 [INFO]: Complaints for role
2025-03-04 15:50:38 [INFO]: User query:
2025-03-04 15:50:38 [INFO]: Complaints for role
2025-03-04 15:53:11 [INFO]: User query:
2025-03-04 15:53:13 [INFO]: Complaints for role
2025-03-04 15:53:13 [INFO]: User query:
2025-03-04 15:53:15 [INFO]: Complaints for role
2025-03-04 15:56:33 [INFO]: User query:
2025-03-04 15:56:51 [INFO]: Complaints for role
2025-03-04 15:56:51 [INFO]: User query:
2025-03-04 15:57:05 [INFO]: Complaints for role
2025-03-04 15:57:05 [INFO]: User query:
2025-03-04 15:57:07 [INFO]: User query:
2025-03-04 15:57:23 [INFO]: Complaints for role
2025-03-04 15:57:25 [INFO]: Complaints for role
2025-03-04 16:01:39 [INFO]: User query:
2025-03-04 16:01:42 [INFO]: Complaints for role
2025-03-04 16:01:42 [INFO]: User query:
2025-03-04 16:01:42 [INFO]: Complaints for role
2025-03-04 16:01:48 [INFO]: User query:
2025-03-04 16:01:48 [INFO]: Complaints for role
2025-03-04 16:01:54 [INFO]: User query:
2025-03-04 16:01:55 [INFO]: Complaints for role
2025-03-04 16:05:22 [INFO]: User query:
2025-03-04 16:05:33 [INFO]: Complaints for role
2025-03-04 16:05:33 [INFO]: User query:
2025-03-04 16:05:35 [INFO]: Complaints for role
2025-03-04 16:26:13 [INFO]: User query:
2025-03-04 16:26:13 [INFO]: Complaints for role
2025-03-04 16:26:13 [INFO]: User query:
2025-03-04 16:26:13 [INFO]: Complaints for role
2025-03-04 16:27:52 [INFO]: User query:
2025-03-04 16:27:53 [INFO]: Complaints for role
2025-03-04 16:27:53 [INFO]: User query:
2025-03-04 16:27:53 [INFO]: Complaints for role
2025-03-04 16:27:55 [INFO]: User query:
2025-03-04 16:27:55 [INFO]: Complaints for role
2025-03-04 16:27:55 [INFO]: User query:
2025-03-04 16:27:55 [INFO]: Complaints for role
2025-03-04 16:27:57 [INFO]: User query:
2025-03-04 16:27:58 [INFO]: Complaints for role
2025-03-04 16:27:58 [INFO]: User query:
2025-03-04 16:27:58 [INFO]: Complaints for role
2025-03-04 16:28:30 [INFO]: cow viewed Hostel complaint 67b0b6d965e039914323ab73 at 2025-03-04T10:58:30.197Z
2025-03-04 16:30:55 [INFO]: User query:
2025-03-04 16:30:55 [INFO]: Complaints for role
2025-03-04 16:30:55 [INFO]: User query:
2025-03-04 16:30:56 [INFO]: Complaints for role
2025-03-04 16:31:01 [INFO]: User query:
2025-03-04 16:31:01 [INFO]: Complaints for role
2025-03-04 16:31:01 [INFO]: User query:
2025-03-04 16:31:01 [INFO]: Complaints for role
2025-03-04 16:31:29 [INFO]: User query:
2025-03-04 16:31:29 [INFO]: Complaints for role
2025-03-04 16:31:29 [INFO]: User query:
2025-03-04 16:31:29 [INFO]: Complaints for role
2025-04-03 17:40:02 [INFO]: User query:
2025-04-03 17:40:02 [INFO]: Complaints for role
2025-04-03 17:40:18 [INFO]: User query:
2025-04-03 17:40:18 [INFO]: Complaints for role
2025-04-03 17:50:55 [INFO]: User query:
2025-04-03 17:50:55 [INFO]: Complaints for role
2025-04-03 17:51:18 [INFO]: User query:
2025-04-03 17:51:18 [INFO]: Complaints for role
2025-04-03 17:52:21 [INFO]: User query:
2025-04-03 17:52:21 [INFO]: Complaints for role
2025-04-03 17:55:30 [INFO]: User query:
2025-04-03 17:55:30 [INFO]: Complaints for role
2025-04-03 17:55:30 [INFO]: User query:
2025-04-03 17:55:30 [INFO]: Complaints for role
2025-04-03 18:03:12 [INFO]: User query:
2025-04-03 18:03:12 [INFO]: Complaints for role
2025-04-03 18:03:12 [INFO]: User query:
2025-04-03 18:03:12 [INFO]: Complaints for role
2025-04-03 18:03:44 [INFO]: User query:
2025-04-03 18:03:44 [INFO]: Complaints for role
2025-04-03 18:21:40 [INFO]: User query:
2025-04-03 18:21:40 [INFO]: Complaints for role
2025-04-03 18:21:40 [INFO]: User query:
2025-04-03 18:21:40 [INFO]: Complaints for role
2025-04-03 18:22:11 [INFO]: User query:
2025-04-03 18:22:11 [INFO]: Complaints for role
2025-04-03 18:22:11 [INFO]: User query:
2025-04-03 18:22:11 [INFO]: Complaints for role
2025-04-03 18:24:27 [INFO]: User query:
2025-04-03 18:24:27 [INFO]: Complaints for role
2025-04-03 18:24:27 [INFO]: User query:
2025-04-03 18:24:27 [INFO]: Complaints for role
2025-04-03 18:45:43 [INFO]: User query:
2025-04-03 18:45:43 [INFO]: Complaints for role
